#
# A fatal error has been detected by the Java Runtime Environment:
#
#  EXCEPTION_ACCESS_VIOLATION (0xc0000005) at pc=0x00007ff83ffa80e3, pid=18552, tid=24100
#
# JRE version:  (11.0.14.1+1) (build )
# Java VM: OpenJDK 64-Bit Server VM (11.0.14.1+1, mixed mode, sharing, tiered, compressed oops, g1 gc, windows-amd64)
# Problematic frame:
# V  [jvm.dll+0x1d80e3]
#
# No core dump will be written. Minidumps are not enabled by default on client versions of Windows
#
#

---------------  S U M M A R Y ------------

Command Line: -Dfile.encoding=UTF-8 

Host: Intel(R) Xeon(R) CPU E5-2660 v3 @ 2.60GHz, 20 cores, 15G,  Windows 10 , 64 bit Build 19041 (10.0.19041.2913)
Time: Mon May 29 18:41:05 2023 Egypt Daylight Time elapsed time: 0.014430 seconds (0d 0h 0m 0s)

---------------  T H R E A D  ---------------

Current thread (0x000002077512b800):  JavaThread "Unknown thread" [_thread_in_vm, id=24100, stack(0x0000002ecb700000,0x0000002ecb800000)]

Stack: [0x0000002ecb700000,0x0000002ecb800000],  sp=0x0000002ecb7fec30,  free space=1019k
Native frames: (J=compiled Java code, j=interpreted, Vv=VM code, C=native code)
V  [jvm.dll+0x1d80e3]
V  [jvm.dll+0x1d6213]
V  [jvm.dll+0x35f45b]
V  [jvm.dll+0x767aa0]
V  [jvm.dll+0x3ccf1f]
V  [jvm.dll+0x3cf2b1]
C  [jli.dll+0x5207]
C  [ucrtbase.dll+0x21bb2]
C  [KERNEL32.DLL+0x17614]
C  [ntdll.dll+0x526a1]


siginfo: EXCEPTION_ACCESS_VIOLATION (0xc0000005), reading address 0x0000000000000000


Registers:
RAX=0x0000ea3e6e115a58, RBX=0x0000000000000000, RCX=0x0000000000000000, RDX=0x0000000000000000
RSP=0x0000002ecb7fec30, RBP=0x0000000000000000, RSI=0x000002077512b800, RDI=0x0000000000000000
R8 =0x0000000000000000, R9 =0x0000000000000000, R10=0x0000000000000000, R11=0x0000002ecb7fe9e0
R12=0x0000000000000000, R13=0x00007ff840398260, R14=0x00000207735b1898, R15=0x0000002ecb7ff978
RIP=0x00007ff83ffa80e3, EFLAGS=0x0000000000010256

Top of Stack: (sp=0x0000002ecb7fec30)
0x0000002ecb7fec30:   00000207735b7930 00007ff84009d418
0x0000002ecb7fec40:   0000002ecb7ff978 0000000000000400
0x0000002ecb7fec50:   0000000000000000 000002077512b800
0x0000002ecb7fec60:   0000f3bbd74418dc 00007ff840398260
0x0000002ecb7fec70:   0000002ecb7fed50 0000002ecb7ff978
0x0000002ecb7fec80:   00000207735b1898 00007ff840398260
0x0000002ecb7fec90:   0000000000000000 00007ff87a790000
0x0000002ecb7feca0:   00007ff840668648 0000000000000000
0x0000002ecb7fecb0:   00007ff83ffa60ba 00007ff89eaf17fc
0x0000002ecb7fecc0:   0000002ecb7fed50 0000000000000001
0x0000002ecb7fecd0:   0000ea3e6e115a58 00000207735b1898
0x0000002ecb7fece0:   00007ff800000000 00007ff840398260
0x0000002ecb7fecf0:   000002077512b800 0000002ecb7fee10
0x0000002ecb7fed00:   0000000000000000 00007ff83ffa6213
0x0000002ecb7fed10:   00007ff87a660000 00007ff87a79cfe0
0x0000002ecb7fed20:   0000002ecb7fee10 000002077512b800 

Instructions: (pc=0x00007ff83ffa80e3)
0x00007ff83ffa7fe3:   f0 ff 15 b6 88 60 00 48 8b cb 41 b1 01 48 2b 8c
0x00007ff83ffa7ff3:   24 90 00 00 00 45 33 c0 33 d2 c6 04 31 00 48 8b
0x00007ff83ffa8003:   ce e8 b7 0b 00 00 42 80 3c 33 3b 4a 8d 3c 33 75
0x00007ff83ffa8013:   1c 0f 1f 40 00 0f 1f 84 00 00 00 00 00 48 ff c3
0x00007ff83ffa8023:   ff c5 42 80 3c 33 3b 4a 8d 3c 33 74 f0 49 83 3c
0x00007ff83ffa8033:   24 00 74 18 48 8b 94 24 98 00 00 00 49 8b cf e8
0x00007ff83ffa8043:   19 ae ee ff 49 8b cc e8 81 ad ee ff 48 8b 44 24
0x00007ff83ffa8053:   20 48 8d 4c 24 30 49 89 47 18 48 8b 44 24 28 49
0x00007ff83ffa8063:   89 47 20 4d 89 67 10 e8 a1 5d 0f 00 44 8b ed 48
0x00007ff83ffa8073:   89 9c 24 90 00 00 00 48 3b 5c 24 38 0f 8c cd fe
0x00007ff83ffa8083:   ff ff 4c 8b 7c 24 40 4c 8b 64 24 48 48 8b 7c 24
0x00007ff83ffa8093:   50 48 8b 74 24 58 48 8b 9c 24 80 00 00 00 48 83
0x00007ff83ffa80a3:   c4 60 41 5e 41 5d 5d c3 cc cc cc cc cc 40 53 55
0x00007ff83ffa80b3:   56 41 55 48 81 ec b8 00 00 00 48 8b 05 84 ff 89
0x00007ff83ffa80c3:   00 48 33 c4 48 89 84 24 a0 00 00 00 48 8b e9 48
0x00007ff83ffa80d3:   c7 c3 ff ff ff ff 0f 1f 80 00 00 00 00 48 ff c3
0x00007ff83ffa80e3:   80 3c 0b 00 75 f7 33 f6 c6 44 24 30 01 40 38 35
0x00007ff83ffa80f3:   54 30 8d 00 74 17 40 38 35 31 96 8c 00 75 0e 33
0x00007ff83ffa8103:   d2 48 8d 0d 65 03 6c 00 e8 c0 2c 1a 00 45 33 ed
0x00007ff83ffa8113:   85 db 0f 8e 11 02 00 00 48 89 bc 24 e8 00 00 00
0x00007ff83ffa8123:   48 8b fd 4c 89 a4 24 f0 00 00 00 48 63 c3 33 db
0x00007ff83ffa8133:   4c 89 b4 24 f8 00 00 00 4c 89 bc 24 b0 00 00 00
0x00007ff83ffa8143:   48 89 44 24 68 48 89 74 24 40 0f 1f 00 0f b6 07
0x00007ff83ffa8153:   84 c0 74 12 3c 3b 74 0e 0f b6 44 2b 01 48 ff c3
0x00007ff83ffa8163:   ff c6 84 c0 75 ee 48 8d 54 24 38 48 c7 44 24 38
0x00007ff83ffa8173:   00 00 00 00 48 8d 4c 24 60 e8 0f 5c 0f 00 48 8b
0x00007ff83ffa8183:   44 24 38 33 d2 4c 8b b0 78 02 00 00 49 8b 46 18
0x00007ff83ffa8193:   4d 8b 66 10 48 89 44 24 50 49 8b 46 20 48 89 44
0x00007ff83ffa81a3:   24 58 49 8b 46 28 48 89 44 24 48 8b c6 41 2b c5
0x00007ff83ffa81b3:   48 63 f8 48 8d 4f 01 e8 71 3b 4a 00 49 63 d5 4c
0x00007ff83ffa81c3:   8b c7 48 03 d5 48 8b c8 4c 8b f8 ff 15 cc 86 60
0x00007ff83ffa81d3:   00 48 8b cb 48 2b 4c 24 40 80 7c 24 30 00 42 c6 



---------------  P R O C E S S  ---------------

Threads class SMR info:
_java_thread_list=0x00000207735b1490, length=0, elements={
}

Java Threads: ( => current thread )

Other Threads:

=>0x000002077512b800 (exited) JavaThread "Unknown thread" [_thread_in_vm, id=24100, stack(0x0000002ecb700000,0x0000002ecb800000)]

Threads with active compile tasks:

VM state:not at safepoint (not fully initialized)

VM Mutex/Monitor currently owned by a thread: None


[error occurred during error reporting (printing compressed oops mode), id 0xc0000005, EXCEPTION_ACCESS_VIOLATION (0xc0000005) at pc=0x00007ff8405558d7]

Deoptimization events (0 events):
No events

Classes redefined (0 events):
No events

Internal exceptions (0 events):
No events

Events (1 events):
Event: 0.008 Loaded shared library C:\Program Files\Unity\Hub\Editor\2022.2.14f1\Editor\Data\PlaybackEngines\AndroidPlayer\OpenJDK\bin\zip.dll


Dynamic libraries:
0x00007ff6bff40000 - 0x00007ff6bff4d000 	C:\Program Files\Unity\Hub\Editor\2022.2.14f1\Editor\Data\PlaybackEngines\AndroidPlayer\OpenJDK\bin\java.exe
0x00007ff8a0f50000 - 0x00007ff8a1148000 	C:\Windows\SYSTEM32\ntdll.dll
0x00007ff89efb0000 - 0x00007ff89f06f000 	C:\Windows\System32\KERNEL32.DLL
0x00007ff89ea90000 - 0x00007ff89ed86000 	C:\Windows\System32\KERNELBASE.dll
0x00007ff89e7d0000 - 0x00007ff89e8d0000 	C:\Windows\System32\ucrtbase.dll
0x00007ff87aa50000 - 0x00007ff87aa67000 	C:\Program Files\Unity\Hub\Editor\2022.2.14f1\Editor\Data\PlaybackEngines\AndroidPlayer\OpenJDK\bin\jli.dll
0x00007ff87aa30000 - 0x00007ff87aa45000 	C:\Program Files\Unity\Hub\Editor\2022.2.14f1\Editor\Data\PlaybackEngines\AndroidPlayer\OpenJDK\bin\VCRUNTIME140.dll
0x00007ff8a0c40000 - 0x00007ff8a0ddd000 	C:\Windows\System32\USER32.dll
0x00007ff89ed90000 - 0x00007ff89edb2000 	C:\Windows\System32\win32u.dll
0x00007ff89f070000 - 0x00007ff89f09c000 	C:\Windows\System32\GDI32.dll
0x00007ff89e8d0000 - 0x00007ff89e9e5000 	C:\Windows\System32\gdi32full.dll
0x00007ff89e9f0000 - 0x00007ff89ea8d000 	C:\Windows\System32\msvcp_win.dll
0x00007ff88b300000 - 0x00007ff88b59a000 	C:\Windows\WinSxS\amd64_microsoft.windows.common-controls_6595b64144ccf1df_6.0.19041.1110_none_60b5254171f9507e\COMCTL32.dll
0x00007ff8a0ba0000 - 0x00007ff8a0c3e000 	C:\Windows\System32\msvcrt.dll
0x00007ff89fa40000 - 0x00007ff89fa70000 	C:\Windows\System32\IMM32.DLL
0x00007ff86f2a0000 - 0x00007ff86f33b000 	C:\Program Files\Unity\Hub\Editor\2022.2.14f1\Editor\Data\PlaybackEngines\AndroidPlayer\OpenJDK\bin\msvcp140.dll
0x00007ff83fdd0000 - 0x00007ff840951000 	C:\Program Files\Unity\Hub\Editor\2022.2.14f1\Editor\Data\PlaybackEngines\AndroidPlayer\OpenJDK\bin\server\jvm.dll
0x00007ff89f8a0000 - 0x00007ff89f94f000 	C:\Windows\System32\ADVAPI32.dll
0x00007ff89fda0000 - 0x00007ff89fe3c000 	C:\Windows\System32\sechost.dll
0x00007ff89fef0000 - 0x00007ff8a0016000 	C:\Windows\System32\RPCRT4.dll
0x00007ff8a05e0000 - 0x00007ff8a05e8000 	C:\Windows\System32\PSAPI.DLL
0x00007ff894c60000 - 0x00007ff894c87000 	C:\Windows\SYSTEM32\WINMM.dll
0x00007ff894c90000 - 0x00007ff894c9a000 	C:\Windows\SYSTEM32\VERSION.dll
0x00007ff86cf70000 - 0x00007ff86cf79000 	C:\Windows\SYSTEM32\WSOCK32.dll
0x00007ff8a0ad0000 - 0x00007ff8a0b3b000 	C:\Windows\System32\WS2_32.dll
0x00007ff89c510000 - 0x00007ff89c522000 	C:\Windows\SYSTEM32\kernel.appcore.dll
0x00007ff87aa20000 - 0x00007ff87aa30000 	C:\Program Files\Unity\Hub\Editor\2022.2.14f1\Editor\Data\PlaybackEngines\AndroidPlayer\OpenJDK\bin\verify.dll
0x00007ff88f630000 - 0x00007ff88f814000 	C:\Windows\SYSTEM32\DBGHELP.DLL
0x00007ff88f2d0000 - 0x00007ff88f304000 	C:\Windows\SYSTEM32\dbgcore.DLL
0x00007ff89ef20000 - 0x00007ff89efa2000 	C:\Windows\System32\bcryptPrimitives.dll
0x00007ff87a790000 - 0x00007ff87a7b8000 	C:\Program Files\Unity\Hub\Editor\2022.2.14f1\Editor\Data\PlaybackEngines\AndroidPlayer\OpenJDK\bin\java.dll
0x00007ff87aa10000 - 0x00007ff87aa1a000 	C:\Program Files\Unity\Hub\Editor\2022.2.14f1\Editor\Data\PlaybackEngines\AndroidPlayer\OpenJDK\bin\jimage.dll
0x00007ff87a660000 - 0x00007ff87a678000 	C:\Program Files\Unity\Hub\Editor\2022.2.14f1\Editor\Data\PlaybackEngines\AndroidPlayer\OpenJDK\bin\zip.dll

dbghelp: loaded successfully - version: 4.0.5 - missing functions: none
symbol engine: initialized successfully - sym options: 0x614 - pdb path: .;C:\Program Files\Unity\Hub\Editor\2022.2.14f1\Editor\Data\PlaybackEngines\AndroidPlayer\OpenJDK\bin;C:\Windows\SYSTEM32;C:\Windows\WinSxS\amd64_microsoft.windows.common-controls_6595b64144ccf1df_6.0.19041.1110_none_60b5254171f9507e;C:\Program Files\Unity\Hub\Editor\2022.2.14f1\Editor\Data\PlaybackEngines\AndroidPlayer\OpenJDK\bin\server

VM Arguments:
jvm_args: -Dfile.encoding=UTF-8 
java_command: <unknown>
java_class_path (initial): <not set>
Launcher Type: SUN_STANDARD

[Global flags]
     uint G1ConcRefinementThreads                  = 15                                        {product} {ergonomic}
    uintx GCDrainStackTargetSize                   = 64                                        {product} {ergonomic}
   size_t InitialHeapSize                          = 267161600                                 {product} {ergonomic}
   size_t MaxHeapSize                              = 4274585600                                {product} {ergonomic}
    uintx ReservedCodeCacheSize                    = 251658240                              {pd product} {ergonomic}
     bool SegmentedCodeCache                       = true                                      {product} {ergonomic}
     bool UseCompressedClassPointers               = true                                 {lp64_product} {ergonomic}
     bool UseCompressedOops                        = true                                 {lp64_product} {ergonomic}
     bool UseG1GC                                  = true                                      {product} {ergonomic}
     bool UseLargePagesIndividualAllocation        = false                                  {pd product} {ergonomic}

Logging:
Log output configuration:
 #0: stdout all=warning uptime,level,tags
 #1: stderr all=off uptime,level,tags

Environment Variables:
JAVA_HOME=C:\Program Files\OpenLogic\jdk-11.0.19.7-hotspot
JAVA_TOOL_OPTIONS=-Dfile.encoding=UTF-8
PATH=C:\Program Files\OpenLogic\jdk-11.0.19.7-hotspot\bin;C:\Program Files\Common Files\Oracle\Java\javapath;C:\Windows\system32;C:\Windows;C:\Windows\System32\Wbem;C:\Windows\System32\WindowsPowerShell\v1.0\;C:\Windows\System32\OpenSSH\;C:\Program Files (x86)\AMD\ATI.ACE\Core-Static;C:\Users\Ahmed\AppData\Local\Microsoft\WindowsApps;C:\Users\Ahmed\AppData\Local\GitHubDesktop\bin
USERNAME=Ahmed
OS=Windows_NT
PROCESSOR_IDENTIFIER=Intel64 Family 6 Model 63 Stepping 2, GenuineIntel



---------------  S Y S T E M  ---------------

OS: Windows 10 , 64 bit Build 19041 (10.0.19041.2913)
OS uptime: 7 days 8:02 hours

CPU:total 20 (initial active 20) 

Memory: 4k page, system-wide physical 16306M (9701M free)
TotalPageFile size 18738M (AvailPageFile size 9987M)
current process WorkingSet (physical memory assigned to process): 8M, peak: 8M
current process commit charge ("private bytes"): 3M, peak: 3M

vm_info: OpenJDK 64-Bit Server VM (11.0.14.1+1) for windows-amd64 JRE (11.0.14.1+1), built on Feb  9 2022 01:48:27 by "" with unknown MS VC++:1916

END.
